c:\users\xuwenjie\documents\hal\dx21\basedx\debug\vc141.pdb
c:\users\xuwenjie\documents\hal\dx21\basedx\debug\vc141.idb
c:\users\xuwenjie\documents\hal\dx21\basedx\debug\wall.obj
c:\users\xuwenjie\documents\hal\dx21\basedx\debug\texture.obj
c:\users\xuwenjie\documents\hal\dx21\basedx\debug\target.obj
c:\users\xuwenjie\documents\hal\dx21\basedx\debug\system_timer.obj
c:\users\xuwenjie\documents\hal\dx21\basedx\debug\sprite.obj
c:\users\xuwenjie\documents\hal\dx21\basedx\debug\sound.obj
c:\users\xuwenjie\documents\hal\dx21\basedx\debug\plane.obj
c:\users\xuwenjie\documents\hal\dx21\basedx\debug\mydirect3d.obj
c:\users\xuwenjie\documents\hal\dx21\basedx\debug\main.obj
c:\users\xuwenjie\documents\hal\dx21\basedx\debug\light.obj
c:\users\xuwenjie\documents\hal\dx21\basedx\debug\input.obj
c:\users\xuwenjie\documents\hal\dx21\basedx\debug\debug_font.obj
c:\users\xuwenjie\documents\hal\dx21\basedx\debug\cube.obj
c:\users\xuwenjie\documents\hal\dx21\basedx\debug\camera.obj
c:\users\xuwenjie\documents\hal\dx21\basedx\debug\aiming.obj
c:\users\xuwenjie\documents\hal\dx21\basedx\debug\hitcheck.obj
c:\users\xuwenjie\documents\hal\dx21\basedx\debug\game.obj
c:\users\xuwenjie\documents\hal\dx21\basedx\debug\base.exe
c:\users\xuwenjie\documents\hal\dx21\basedx\debug\base.ilk
c:\users\xuwenjie\documents\hal\dx21\basedx\debug\base.pdb
c:\users\xuwenjie\documents\hal\dx21\basedx\debug\base.tlog\cl.command.1.tlog
c:\users\xuwenjie\documents\hal\dx21\basedx\debug\base.tlog\cl.read.1.tlog
c:\users\xuwenjie\documents\hal\dx21\basedx\debug\base.tlog\cl.write.1.tlog
c:\users\xuwenjie\documents\hal\dx21\basedx\debug\base.tlog\link.command.1.tlog
c:\users\xuwenjie\documents\hal\dx21\basedx\debug\base.tlog\link.read.1.tlog
c:\users\xuwenjie\documents\hal\dx21\basedx\debug\base.tlog\link.write.1.tlog
