<<<<<<< HEAD
﻿  arrow.cpp
  bg.cpp
  game.cpp
  main.cpp
  player.cpp
  コード生成しています。
  20 of 88 functions (22.7%) were compiled, the rest were copied from previous compilation.
    1 functions were new in current compilation
    5 functions had inline decision re-evaluated but remain unchanged
  コード生成が終了しました。
  HEWGAME.vcxproj -> D:\HAL\HEW\HEWGAMEedit\Release\HEWGAME.exe
=======
﻿  main.cpp
  コード生成しています。
  1 of 88 functions ( 1.1%) were compiled, the rest were copied from previous compilation.
    0 functions were new in current compilation
    0 functions had inline decision re-evaluated but remain unchanged
  コード生成が終了しました。
  HEWGAME.vcxproj -> D:\HAL\HEW\Archery\Release\HEWGAME.exe
>>>>>>> 38e7617f6fb0a07da2bbb813709ac1b856619b83
